0.000000000000000000e+00
2.390200000000000102e-01
3.585300000000000153e-01
5.975599999999999801e-01
7.170699999999999852e-01
9.560899999999999954e-01
1.075599999999999890e+00
1.314629999999999965e+00
1.434139999999999970e+00
1.673159999999999981e+00
1.792669999999999986e+00
2.031699999999999839e+00
2.151209999999999845e+00
2.390229999999999855e+00
2.509739999999999860e+00
2.748759999999999870e+00
2.868279999999999941e+00
3.107299999999999951e+00
3.226809999999999956e+00
3.465829999999999966e+00
3.585350000000000037e+00
3.824370000000000047e+00
3.943880000000000052e+00
4.182900000000000063e+00
4.302410000000000068e+00
4.541439999999999699e+00
4.660949999999999704e+00
4.899969999999999715e+00
5.019479999999999720e+00
5.258510000000000240e+00
5.378020000000000245e+00
5.617040000000000255e+00
5.736550000000000260e+00
5.975579999999999892e+00
6.095089999999999897e+00
6.334109999999999907e+00
6.453619999999999912e+00
6.692639999999999922e+00
6.812160000000000437e+00
7.051179999999999559e+00
7.170689999999999564e+00
7.409709999999999575e+00
7.529219999999999580e+00
7.768250000000000099e+00
7.887760000000000105e+00
8.126780000000000115e+00
8.246290000000000120e+00
8.485319999999999752e+00
8.604829999999999757e+00
8.843849999999999767e+00
8.963359999999999772e+00
9.202389999999999404e+00
9.321899999999999409e+00
9.560919999999999419e+00
9.680429999999999424e+00
9.919449999999999434e+00
1.003897000000000084e+01
1.027799000000000085e+01
1.039750000000000085e+01
1.063652000000000086e+01
1.075604000000000049e+01
1.099506000000000050e+01
1.111457000000000050e+01
1.135359000000000052e+01
1.147310000000000052e+01
1.171213000000000015e+01
1.183164000000000016e+01
1.207066000000000017e+01
1.219017000000000017e+01
1.242919999999999980e+01
1.254870999999999981e+01
1.278772999999999982e+01
1.290723999999999982e+01
1.314626999999999946e+01
1.326577999999999946e+01
1.350479999999999947e+01
1.362430999999999948e+01
1.386332999999999949e+01
1.398284999999999911e+01
1.422186999999999912e+01
1.434137999999999913e+01
1.458039999999999914e+01
1.469992000000000054e+01
1.493894000000000055e+01
1.505845000000000056e+01
1.529747000000000057e+01
1.541698000000000057e+01
1.565601000000000020e+01
1.577552000000000021e+01
1.601454000000000022e+01
1.613404999999999845e+01
1.637308000000000163e+01
1.649258999999999986e+01
1.673160999999999987e+01
1.685112000000000165e+01
1.709015000000000128e+01
1.720965999999999951e+01
1.744867999999999952e+01
1.756819000000000131e+01
1.780721000000000132e+01
1.792672999999999917e+01
1.816574999999999918e+01
1.828526000000000096e+01
1.852428000000000097e+01
1.864378999999999920e+01
1.888281999999999883e+01
1.900233000000000061e+01
1.924135000000000062e+01
1.936085999999999885e+01
1.959988999999999848e+01
1.971940000000000026e+01
1.995842000000000027e+01
2.007792999999999850e+01
2.031696000000000168e+01
2.043646999999999991e+01
2.067548999999999992e+01
2.079500000000000171e+01
2.103403000000000134e+01
2.115353999999999957e+01
2.139255999999999958e+01
2.151207000000000136e+01
2.175109000000000137e+01
2.187060999999999922e+01
2.210962999999999923e+01
2.222914000000000101e+01
2.246816000000000102e+01
2.258766999999999925e+01
2.282669999999999888e+01
2.294621000000000066e+01
2.318523000000000067e+01
2.330473999999999890e+01
2.354376999999999853e+01
2.366328000000000031e+01
2.390230000000000032e+01
2.402180999999999855e+01
2.426084000000000174e+01
2.438034999999999997e+01
2.461936999999999998e+01
2.473888000000000176e+01
2.497790000000000177e+01
2.509741999999999962e+01
2.533643999999999963e+01
2.545595000000000141e+01
2.569497000000000142e+01
2.581448999999999927e+01
2.605350999999999928e+01
2.617302000000000106e+01
2.641204000000000107e+01
2.653154999999999930e+01
2.677057999999999893e+01
2.689009000000000071e+01
2.712911000000000072e+01
2.724861999999999895e+01
2.748764999999999858e+01
2.760716000000000037e+01
2.784618000000000038e+01
2.796568999999999861e+01
2.820471999999999824e+01
2.832423000000000002e+01
2.856325000000000003e+01
2.868275999999999826e+01
2.892177999999999827e+01
2.904129999999999967e+01
2.928031999999999968e+01
